
ROM used:   3615/8192 (44%)
            3754/8192 (46%) including unused fragments

            1.9 Average locations per line
            5.3 Average locations per statement

RAM used:   50/368 (14%) at main() level
            74/368 (20%) worst case

Stack used: 8 worst case (6 in main + 2 for interrupts)
Stack size: 8

Lines Stmts  %   Files
----- ----- ---  -----
  746   604  88  PIZ-Dual-New.c
  751     0   0  C:\Program Files\PICC\Devices\16F886.h
  456    84  12  C:\Program Files\PICC\Drivers\lcd.c
----- -----
 1953   688 Total

Page ROM  %  RAM   Vol Diff  Functions:
---- --- --- ---   --- ----  ----------
0     21   1    1             @delay_ms1
 Inline         3   596  5.9  lcd_read_byte
 Inline         0    59  4.2  lcd_read_nibble
0     18   0    1   181  3.9  lcd_send_nibble
0     99   3    3   415  3.7  lcd_send_byte
0     69   2    6   770  7.2  lcd_init
0     18   0    4   208  6.3  lcd_gotoxy
0     44   1    1   354  4.7  lcd_putc
0     64   2    0   981  4.8  timer
0      4   0    0    17  0.8  RetBoton
0      4   0    0    25  1.2  LimpiarPant
 Inline         4   223  2.6  LeerTemp
0     29   1    2             @ITOF
0    117   3   13             @MULFF
0    202   6   14             @DIVFF
 Inline         0   300  3.1  Estado
0     21   1    3             @DIV88
0     53   1    2             @PRINTF_U_639
 Inline         5             @FTOSD
0     79   2   13             @DIV3232
0    224   6   13             @PRINTF_L32D_639FPFPF
0     43   1    2    66  2.3  OnOff
0     12   0    0             @const717
0     87   2    5             @PSTRINGCN7_639
0     43   1    2    66  2.3  OffOn
0     12   0    0             @const721
0     23   1    0   156  2.6  FreqOFF
0     47   1    0   202  2.7  Freq30KHz
0     47   1    0   202  2.7  Freq170KHz
 Inline         1   202  2.7  FreqAcordeon
0     10   0    2    37  2.0  AsignarTiempo
 Inline         2    37  2.0  AsignarTerapia
 Inline         1   685  5.6  MenuZapperTiempo
0     10   0    0             @const729
 Inline         0    24  1.0  MenuZapperFrecuencia
0    160   4    1  1260  7.7  MenuZapperTerapia
0      5   0    0             @const732
0     86   2    4             @PSTRINGC7_639
0      4   0    0             @const734
0      9   0    0             @const735
0      9   0    0             @const736
0      9   0    0  1026  6.3  @const737
0      5   0    0  2483  6.3  @const738
0     10   0    0             @goto10998
0      6   0    0             @const740
 Inline         4  1026  6.3  MenuZapperEstado
 Inline         2  2483  6.3  MenuZapper
0     11   0    0             @const743
0     12   0    0   855  5.6  @const744
 Inline         1   972  5.8  MenuPediluvio
 Inline         2   906  5.7  Menu
0     12   0    0             @const747
 Inline         2   855  5.6  Opciones
0     14   0    0             @const749
1    624  17    1  1770  8.1  Operatividad
0     63   2   10             @FLT
0      8   0    0             @const754
0      7   0    0             @const755
1   1082  30    2  1208  5.4  MAIN
 Inline         0             @cinit1

Program metrics:
    Functions               33
    Statements              688
    Comments                255
    Volume (V)              35991
    Difficulty (D)          142.1
    Effort to implement (E) 5115616
    Time to implement (T)   78 hours, 57 minutes
    Est Delivered Bugs (B)  10
    Cyclomatic Complexity   164
    Maintainability (MI)    38

 Segment     Used  Free
-----------  ----  ----
00000-00003     4  0  
00004-0004E    75  0  
0004F-007FF  1830  139  
00800-00FFF  1706  342  
01000-017FF     0  2048  
01800-01FFF     0  2048  



